0 info it worked if it ends with ok
1 verbose cli [ '/usr/bin/nodejs',
1 verbose cli   '/usr/bin/npm',
1 verbose cli   'install',
1 verbose cli   '-g',
1 verbose cli   'javascripting' ]
2 info using npm@1.3.10
3 info using node@v0.10.25
4 verbose cache add [ 'javascripting', null ]
5 verbose cache add name=undefined spec="javascripting" args=["javascripting",null]
6 verbose parsed url { protocol: null,
6 verbose parsed url   slashes: null,
6 verbose parsed url   auth: null,
6 verbose parsed url   host: null,
6 verbose parsed url   port: null,
6 verbose parsed url   hostname: null,
6 verbose parsed url   hash: null,
6 verbose parsed url   search: null,
6 verbose parsed url   query: null,
6 verbose parsed url   pathname: 'javascripting',
6 verbose parsed url   path: 'javascripting',
6 verbose parsed url   href: 'javascripting' }
7 silly lockFile ae6d31f2-javascripting javascripting
8 verbose lock javascripting /home/theawesomejay/.npm/ae6d31f2-javascripting.lock
9 silly lockFile ae6d31f2-javascripting javascripting
10 silly lockFile ae6d31f2-javascripting javascripting
11 verbose addNamed [ 'javascripting', '' ]
12 verbose addNamed [ null, '*' ]
13 silly lockFile 9ef866d8-javascripting javascripting@
14 verbose lock javascripting@ /home/theawesomejay/.npm/9ef866d8-javascripting.lock
15 silly addNameRange { name: 'javascripting', range: '*', hasData: false }
16 verbose url raw javascripting
17 verbose url resolving [ 'https://registry.npmjs.org/', './javascripting' ]
18 verbose url resolved https://registry.npmjs.org/javascripting
19 info trying registry request attempt 1 at 16:02:04
20 verbose etag "6YHYFEJ4FHHTVWICHZKFKEDAA"
21 http GET https://registry.npmjs.org/javascripting
22 http 304 https://registry.npmjs.org/javascripting
23 silly registry.get cb [ 304,
23 silly registry.get   { date: 'Wed, 02 Mar 2016 08:02:04 GMT',
23 silly registry.get     via: '1.1 varnish',
23 silly registry.get     'cache-control': 'max-age=300',
23 silly registry.get     etag: '"6YHYFEJ4FHHTVWICHZKFKEDAA"',
23 silly registry.get     age: '0',
23 silly registry.get     connection: 'keep-alive',
23 silly registry.get     'x-served-by': 'cache-lax1427-LAX',
23 silly registry.get     'x-cache': 'MISS',
23 silly registry.get     'x-cache-hits': '0',
23 silly registry.get     'x-timer': 'S1456905724.804303,VS0,VE178',
23 silly registry.get     vary: 'Accept' } ]
24 verbose etag javascripting from cache
25 silly addNameRange number 2 { name: 'javascripting', range: '*', hasData: true }
26 silly addNameRange versions [ 'javascripting',
26 silly addNameRange   [ '1.0.0',
26 silly addNameRange     '1.0.1',
26 silly addNameRange     '1.1.0',
26 silly addNameRange     '1.1.1',
26 silly addNameRange     '1.1.2',
26 silly addNameRange     '1.1.3',
26 silly addNameRange     '1.2.0',
26 silly addNameRange     '1.3.0',
26 silly addNameRange     '1.4.0',
26 silly addNameRange     '1.5.0',
26 silly addNameRange     '1.6.0',
26 silly addNameRange     '1.7.0',
26 silly addNameRange     '1.8.0',
26 silly addNameRange     '1.9.0',
26 silly addNameRange     '1.9.1',
26 silly addNameRange     '1.10.0',
26 silly addNameRange     '1.10.1',
26 silly addNameRange     '1.10.2',
26 silly addNameRange     '1.10.3',
26 silly addNameRange     '1.11.0',
26 silly addNameRange     '1.11.1',
26 silly addNameRange     '1.12.0',
26 silly addNameRange     '2.0.0',
26 silly addNameRange     '2.0.1',
26 silly addNameRange     '2.0.2',
26 silly addNameRange     '2.0.3',
26 silly addNameRange     '2.1.0',
26 silly addNameRange     '2.2.0',
26 silly addNameRange     '2.2.1',
26 silly addNameRange     '2.3.0',
26 silly addNameRange     '2.4.0',
26 silly addNameRange     '2.4.1' ] ]
27 verbose addNamed [ 'javascripting', '2.4.1' ]
28 verbose addNamed [ '2.4.1', '2.4.1' ]
29 silly lockFile 1ebb2323-javascripting-2-4-1 javascripting@2.4.1
30 verbose lock javascripting@2.4.1 /home/theawesomejay/.npm/1ebb2323-javascripting-2-4-1.lock
31 silly lockFile 1ebb2323-javascripting-2-4-1 javascripting@2.4.1
32 silly lockFile 1ebb2323-javascripting-2-4-1 javascripting@2.4.1
33 silly lockFile 9ef866d8-javascripting javascripting@
34 silly lockFile 9ef866d8-javascripting javascripting@
35 silly resolved [ { name: 'javascripting',
35 silly resolved     description: 'Learn JavaScript by adventuring around in the terminal.',
35 silly resolved     version: '2.4.1',
35 silly resolved     repository: { url: 'https://github.com/sethvincent/javascripting.git' },
35 silly resolved     author: { name: 'sethvincent' },
35 silly resolved     bin: { javascripting: './bin/javascripting' },
35 silly resolved     main: './index.js',
35 silly resolved     preferGlobal: true,
35 silly resolved     dependencies:
35 silly resolved      { colors: '^1.0.3',
35 silly resolved        diff: '^1.2.1',
35 silly resolved        'workshopper-adventure': '^4.4.6' },
35 silly resolved     license: 'MIT',
35 silly resolved     readme: '# JAVASCRIPTING\n\n> Learn JavaScript by adventuring around in the terminal.  \n\n> _Looking for more interactive tutorials like this? Go to [nodeschool.io](http://nodeschool.io)._\n\n## Get help\nHaving issues with javascripting? Get help troubleshooting in the [nodeschool discussions repo](http://github.com/nodeschool/discussions), or on gitter:\n\n[![Gitter](https://badges.gitter.im/Join Chat.svg)](https://gitter.im/nodeschool/discussions?utm_source=badge&utm_medium=badge&utm_campaign=pr-badge&utm_content=badge)\n\n## Install Node.js\n\nMake sure Node.js is installed on your computer.\n\nInstall it from [nodejs.org/download](http://nodejs.org/download)\n\nOn Windows and using v4 or v5 of Node.js? Make sure you are using at least 5.1.0, which provides a fix for a bug on Windows where you can\'t choose items in the menu.\n\n### Install `javascripting` with `npm`\n\nOpen your terminal and run this command:\n\n```\nnpm install --global javascripting\n```\n\nThe `--global` option installs this module globally so that you can run it as a command in your terminal.\n\n#### Having issues with installation?\n\nIf you get an `EACCESS` error, the simplest way to fix this is to rerun the command, prefixed with sudo:\n\n```\nsudo npm install --global javascripting\n```\n\nYou can also fix the permissions so that you don\'t have to use `sudo`. Take a look at this npm documentation:\nhttps://docs.npmjs.com/getting-started/fixing-npm-permissions\n\n## Run the workshop\n\nOpen your terminal and run the following command:\n\n```\njavascripting\n```\n\nYou\'ll see the menu:\n\n![javascripting screenshot](screenshot.png)\n\nNavigate the menu with the up & down arrow keys. \n\nChoose a challenge by hitting enter.\n\n### Take a look at this gif that shows the first challenge:\n\n![first challenge](javascripting.gif)\n\nIn the gif I\'m using the command line editor `nano` ([here are some basic usage tips for nano](https://github.com/sethvincent/dev-envs-book/blob/master/chapters/05-editors.md#nano)).  \n\nYou can use any editor you like. \n\n[atom](http://atom.io) or [brackets](http://brackets.io/) are both good options.\n\n## Need help with an exercise?\n\nOpen an issue in the nodeschool/discussions repo: https://github.com/nodeschool/discussions\n\nInclude the name `javascripting` and the name of the challenge you\'re working on in the title of the issue.\n\n## TODOS:\n\nAdd these challenges:\n\n- "OBJECT KEYS"\n- "FUNCTION RETURN VALUES"\n- "THIS"\n- "SCOPE"\n\n## License\n\nMIT\n',
35 silly resolved     readmeFilename: 'README.md',
35 silly resolved     bugs: { url: 'https://github.com/sethvincent/javascripting/issues' },
35 silly resolved     _id: 'javascripting@2.4.1',
35 silly resolved     _from: 'javascripting@' } ]
36 info install javascripting@2.4.1 into /usr/local/lib
37 info installOne javascripting@2.4.1
38 info /usr/local/lib/node_modules/javascripting unbuild
39 verbose tar unpack /home/theawesomejay/.npm/javascripting/2.4.1/package.tgz
40 silly lockFile 79ce8374-l-lib-node-modules-javascripting tar:///usr/local/lib/node_modules/javascripting
41 verbose lock tar:///usr/local/lib/node_modules/javascripting /home/theawesomejay/.npm/79ce8374-l-lib-node-modules-javascripting.lock
42 silly lockFile eec19660--javascripting-2-4-1-package-tgz tar:///home/theawesomejay/.npm/javascripting/2.4.1/package.tgz
43 verbose lock tar:///home/theawesomejay/.npm/javascripting/2.4.1/package.tgz /home/theawesomejay/.npm/eec19660--javascripting-2-4-1-package-tgz.lock
44 silly gunzTarPerm modes [ '755', '644' ]
45 error Error: EACCES, mkdir '/usr/local/lib/node_modules'
45 error  { [Error: EACCES, mkdir '/usr/local/lib/node_modules']
45 error   errno: 3,
45 error   code: 'EACCES',
45 error   path: '/usr/local/lib/node_modules',
45 error   fstream_type: 'Directory',
45 error   fstream_path: '/usr/local/lib/node_modules/javascripting',
45 error   fstream_class: 'DirWriter',
45 error   fstream_stack:
45 error    [ '/usr/lib/nodejs/fstream/lib/writer.js:171:23',
45 error      '/usr/lib/nodejs/mkdirp/index.js:37:53',
45 error      'Object.oncomplete (fs.js:107:15)' ] }
46 error Please try running this command again as root/Administrator.
47 error System Linux 4.2.0-30-generic
48 error command "/usr/bin/nodejs" "/usr/bin/npm" "install" "-g" "javascripting"
49 error cwd /media/theawesomejay/DATA/javs/javascripting
50 error node -v v0.10.25
51 error npm -v 1.3.10
52 error path /usr/local/lib/node_modules
53 error fstream_path /usr/local/lib/node_modules/javascripting
54 error fstream_type Directory
55 error fstream_class DirWriter
56 error code EACCES
57 error errno 3
58 error stack Error: EACCES, mkdir '/usr/local/lib/node_modules'
59 error fstream_stack /usr/lib/nodejs/fstream/lib/writer.js:171:23
59 error fstream_stack /usr/lib/nodejs/mkdirp/index.js:37:53
59 error fstream_stack Object.oncomplete (fs.js:107:15)
60 verbose exit [ 3, true ]
